100
99.74322349939135
99.71092558035488
99.76861634759057
99.64695984358467
99.9677593127877
99.6765877915396
99.78245373857925
99.99499056867661
99.05206205358157
99.07606925427878
99.05684091406076
98.67674393426178
98.88003369941352
99.03855072308382
99.3546976239059
98.88906988416953
98.82657921441628
99.51370773222665
99.37493938322669
98.79424672026309
98.86225582977174
98.40709397826261
98.8389170883432
99.49823759647673
98.87001910399871
99.03614103073201
99.49399927697122
99.77540799832059
99.86698312660809
100.64804578038802
101.07217754955134
100.64448020194074
101.31993671022435
101.39702661220659
101.485341875962
101.29826128417005
102.0090797969141
102.40439114530962
101.8831470858247
102.31007231989773
101.70729067042043
100.73572251468617
100.67800303878558
102.22325613844609
103.05420150122745
103.42667246371587
103.99846196302035
103.07201225050683
103.50189101883254
104.12709211391503
104.87219064252457
104.3571160347139
103.12368205391772
104.13055067432349
104.29637561326143
104.99287100008544
106.31003745230781
106.71847073743336
106.6710669487204
107.05131124891024
107.00325720961737
107.71697722967828
107.9974248791894
108.7016784683599
108.68391028876113
108.60304168463882
109.49558859003062
109.66628382002936
110.11430656135596
110.05087851809836
109.5684233868431
110.05268984556544
108.68716617160152
108.68785204474568
108.8265891989448
108.12960452315679
108.97589685006103
106.23652210207695
105.45443930194585
106.16541414449324
106.2175464229424
106.81778672388359
106.351602802137
106.06021699291124
106.7401567898222
105.58001310570441
106.32885386535307
107.06065965167
106.52286230304381
106.59838382125142
105.9266782560666
106.39912486439687
106.45408671211571
106.05590466975974
105.60453479878115
105.89485580176421
103.21795061412134
103.92164347805596
103.66294848412872
103.73310733505502
104.97406770157717
104.70457410651427
106.00620048574046
106.04603863488269
107.73303142659331
107.77447150897815
109.2769974241876
109.10119846950258
108.65217021658756
106.91966856235508
106.16268601516711
106.7912374260571
107.74662986030643
107.06259216031128
106.88604592862538
107.24325773721392
107.6968870749202
107.01875186501597
107.50605877659885
106.46407225884967
106.72267443765361
106.43182169099941
106.70944920993773
106.44556867658211
106.79033568649265
105.00134849938189
105.72282649796372
106.75711896744987
107.40309801284158
107.54759355313082
107.36518701354792
106.64421673676603
106.77807099764854
105.86292580484722
103.89805456530252
105.07202037200236
105.66485640302515
103.66280876158883
103.28091671268298
103.51553087162141
105.13980290604016
104.66506272690525
104.36700367285309
104.28782942630801
105.20867621805665
105.74654368706551
106.18106483258055
106.48397650563736
106.43772523337375
106.44989472814156
106.93888174260603
106.12375035275552
106.89812892696534
106.01291019073248
105.22527201718184
105.72127015529001
105.51349326676241
106.0813347576507
105.17334603854799
105.2273415044366
104.79499559922486
104.05087330562519
105.00593306962371
105.50668284395059
105.18268377536195
104.51774570258381
104.47137813450824
104.56542545147886
105.72557736763453
105.32574275158983
106.12268973819168
106.77931818298488
106.07425938241882
105.7940039320225
104.98950064911827
102.39280876364859
103.26093962793502
103.60138149340764
103.36637285332581
102.17694682637078
101.59329852664185
98.72971932473199
100.00703580157113
102.18459460003064
103.3348916343202
103.83940618202563
103.16074973625055
104.23445569754864
104.62419339477871
104.57739524068181
104.1699371531843
104.24014205342762
103.6147802236868
102.42426857723783
101.57636959616124
102.5717630895735
103.11769139454739
103.32028962045143
103.54264775057217
103.23585685443457
103.10161034007866
103.47403306743314
101.95613637629118
101.72386058608677
102.76319236707452
101.69910779426726
101.50166581677509
101.53384613420933
101.95225501842482
102.84686562966662
102.47949716647042
101.72020587373669
102.21427596155897
102.97921046331778
103.75440298684809
102.96664092526696
101.67757616561163
100.69851274966277
101.05932432957934
100.5716592018016
101.59972555030724
101.07126529537368
100.9754463049314
101.92506272095359
100.89581848845623
101.08348246653627
100.81887704582407
100.9341484206093
101.03699644803363
100.19677665176222
99.48559028272757
100.21929562022291
101.1440260196212
100.17716384507239
101.45304518027395
101.93754872638763
102.2511947575733
102.39937263066624
104.42463974183813
104.48755904539064
102.76721286453638
102.75532269112007
101.43247858862189
99.58987002633837
99.82375906535341
98.53098359810376
97.7221217440948
97.57943500695703
97.72427335877897
98.53570216821313
98.96095663749327
97.36631360253054
97.20983122453534
97.29469604075481
97.27739403570482
98.09578088914425
98.27970342943411
97.44680975878056
97.64355397675973
98.00299680931006
97.44908443986392
97.67821718755073
97.47002881560934
97.22840333076005
96.6352694193334
96.69541221357578
96.62552015005683
95.15965364407151
95.4372958420419
95.90789117114925
96.20145933462427
96.09647689272458
96.03667594606733
96.33737745638743
96.08075434764314
96.15247827220706
96.32739108243776
96.2099420786575
96.09598687696155
96.37446771095347
96.46612541283632
96.34388160375879
95.81055965306666
96.88897340620056
95.88769641196468
94.53985677280886
96.10350656545884
95.22867501711829
94.7565948187594
93.81409903373768
94.11947859465826
92.20072948160019
92.6997506370004
93.52567761715807
95.12342193122747
93.4695051898104
92.19769508292161
93.01834403456128
93.78070310395132
94.61902151980716
94.55558349937482
94.7167036323454
95.7450229952297
95.27318299636111
94.24937608345373
92.90600994396816
93.67267411561735
93.04482286906978
90.99285845840912
90.01806136079637
90.51324079496453
90.77901762039616
88.86029857476886
89.47635589710487
88.00692784107876
88.36717281599046
86.93692925181111
87.31059884764878
89.43901245324544
88.57516990546951
89.83108893194371
88.36733962954393
87.59640913487327
85.24327190171014
85.44319687144355
87.28012924406923
86.55344771305315
86.23512451256434
88.0192779894274
89.24097049314751
89.64886096252272
89.61137812330674
90.58936712315197
88.94835243726781
87.18162238648107
85.55011804391405
86.04852483730888
86.01313671339443
84.58439739631012
85.77419429249274
85.35305447531726
84.5342207902743
84.69721281061695
85.06904083937293
84.39517445778961
84.7604658338277
85.03797323901922
84.9715748818612
85.05031546249687
85.61409904689322
85.30973660239492
85.64923612757262
84.98955358973258
84.80784282574928
85.01578293202742
85.60718521777329
85.68744881403865
85.35681472228852
85.09907834906363
85.07636365602463
85.16345273898418
85.26439792573143
85.26852883726137
85.96955191447466
85.52728073816947
85.7687112452346
86.11098910311524
85.81841780375332
85.34875258079096
85.43080946876239
85.14958914984992
85.43106296496387
85.35167226899848
85.79315143192608
85.36165598659238
84.92517899720751
85.46099846403101
85.73802653292945
86.19323200424463
85.24296480980239
83.93408068981051
84.31429880476216
84.63070808345589
84.77985625375695
85.27293573421557
85.47082082598497
85.62989365999702
86.40064918747925
85.85523785612571
85.61871429185663
85.47033139401915
85.69204500449752
84.6349354224129
85.25589346388747
85.72113977962928
85.36376025327304
85.2311981844131
85.66267391427736
85.38943453339618
84.07589807625817
83.87079939425253
84.04840363759128
83.90379477117833
83.81956862495831
84.01791647237687
84.06156387460702
83.85916545661726
83.74658423044049
83.7974086233695
83.88451886497046
84.82722431075314
84.65695100285834
84.90039123541392
85.98548731979494
86.48560875545087
86.19418613813669
86.2048243795489
86.06429286222834
86.46858090315227
86.35466664313394
86.6843121595377
86.81159592568311
86.77926579594272
86.70065087974186
87.14292940620338
86.9664950799756
87.02805227725325
88.11362453624707
89.22139675726518
90.63961038242844
91.48368215181986
92.17255436126031
92.56805514067442
91.65652124446278
92.88647550770766
92.6914700351327
91.7131834089121
92.64816360392683
91.95911902034386
91.6544917382871
91.63694274396471
91.43552437102268
90.48476290136567
91.16676701295232
91.40253053920054
91.11027535483935
91.08958585333626
92.08851514925931
91.74875239885836
92.53440640760336
92.30010092954636
92.02869582904759
91.67960729081732
91.7721069029078
91.59542949999629
91.80965379130457
92.28745330351492
92.43418830406652
92.10157069283345
91.93606195996588
92.31292384084361
91.6664744362568
91.58708555616504
91.71715660065058
90.99741624850243
90.57640996448796
90.54968344438811
90.02785633077319
90.23215071941524
89.8385464748651
90.55537547290369
90.18943748843319
90.086972229272
90.38347791422606
91.54143344253119
92.81125769997689
92.70026830668303
92.00258714566365
88.90387791651428
89.544287242989
87.4611856092739
87.78144793767258
88.41572996745309
88.10617792899689
88.87355991321577
89.05085114580137
91.04687185455477
92.06247429008012
91.45339973054766
90.70328682307205
90.71450702398951
91.27564333434566
90.18823267011553
90.16206631055516
89.16507918317217
87.31263032973494
87.09463556120066
86.76164338189022
86.42081783917585
87.15795566627236
85.36079863019023
85.42083053897204
84.78735084025489
84.90941112395889
84.84949484628824
85.84404915618097
86.14369129647675
85.84721248691955
85.93830545076652
86.41329434213635
86.2621139566971
85.54994474526771
84.96240009629251
84.73506118177063
84.74125377827035
84.28839466077021
83.48404863616321
83.28865405571105
82.90411800001426
84.94563874040949
85.71709138213966
85.29737073706471
84.71074928347595
83.85730169412795
83.40347679339811
84.3845312326897
83.97923409444016
84.43300405286604
84.27881937161712
85.06471337765794
85.7464077725722
85.79888045403972
86.47114921069183
86.4511609938838
86.26682744656031
85.90495056485324
85.52826368862283
85.42053744120045
86.13949835058551
86.32140376055118
86.95727054150815
86.89855768798148
87.34291772602512
86.40035657109607
86.35704007598483
85.58760027523249
85.92084574822249
85.37867200633693
85.38962534152635
86.14238771822079
85.82103395575452
85.55369675953268
85.60568223174418
85.92393010682503
85.14955029391821
85.03962252933115
84.998981757261
85.34172500086046
86.57244709609311
85.72048941463876
85.66203377108732
85.19383438616171
86.17850774047865
86.29321159697189
86.1882287376749
86.80077044824935
85.34590415356783
85.75245358403498
85.10326757303751
85.64721204617355
85.67640870956164
87.2324670672271
87.93933719802061
87.6431534637895
87.51273388574246
86.4546887774007
86.85353685379813
86.87440701399974
86.42250823792519
87.01709062609791
86.6945428399549
86.38029677300027
86.47678660840626
86.98122747844523
88.3078118238235
88.89725241873691
88.87591538391924
89.3990037947491
89.0159103084794
88.77572439302276
89.49003594285867
89.33269064799076
88.38793307143546
88.35967112977579
88.77067281869932
88.22037234164718
89.91391608446685
88.61335843918043
88.83364885610752
88.02317124142468
87.29895399365685
86.8588564277037
86.62577023161198
86.8350203133356
87.26268507029556
86.99533057532379
88.01065083386457
88.05915985823532
87.88778893269627
88.43966686288357
87.00200949194371
87.3861190234751
87.3609008064029
87.5345234649439
87.34166530475748
87.79598332329921
87.81527251904825
87.78072643078205
87.31869731507587
87.52738538064541
87.38713355200586
87.03236702414182
87.0566533681155
86.84184572283561
86.43490844826316
86.15728872925516
86.20284309828521
85.80880286219012
86.69228627856202
85.84121752282736
85.72155062747927
86.38793199577199
86.29426788256022
87.2254431659229
87.70861026667332
87.74168322505986
87.93995000795178
87.59749657827577
87.85349982698897
87.9012530539977
87.77368855312508
87.87934343409769
88.21445795809262
88.2612850857614
88.19632591070145
88.35301359476082
88.10521891778718
88.10086674710905
88.5250799517251
88.42987907562103
86.82180758173628
87.20746969254398
88.45084930837848
88.95798890933904
88.76393524602179
89.05798143933906
89.68228618616158
89.78968975695788
89.52785274942259
89.3220610568267
89.8872121721036
90.48032523268107
90.30681201004546
90.30294406824858
90.21461925471361
90.70861835557378
89.6712805218892
89.02721390236557
89.66302552347756
89.55036148222236
88.58390460752436
88.82976438425328
89.73923755907074
88.81341377408667
89.29390961797337
89.73336452512436
90.10925521557733
90.23900736497723
89.42964692513421
90.18245486150661
89.01242046987409
89.15019974027757
89.15342026330525
89.29412136750642
88.38231164991056
88.89840135418059
89.23171602304797
89.67227767157578
90.87963274908938
91.15460686514346
92.14986471706025
91.859932154579
92.15286235846848
92.73045384717088
92.95515390011124
92.92505689581014
93.11065729629678
92.86074158603654
93.25774284245807
92.59499587042048
92.49091995751792
92.47415849278318
92.8778272177297
92.70056318547124
92.31629277772312
92.56412257684246
93.02392257045881
92.76781718032812
92.33533265383902
90.302670102532
90.52829074891993
91.66051252534317
91.75178251395965
92.32497136150523
90.92445444811571
91.142791692779
91.40638909944302
92.54358137449539
92.65643880342414
93.15327231749832
93.47906367599879
93.52829963080791
93.51628829756493
93.74572480074151
93.96543447357541
94.31629850252635
93.31308935979884
93.77663221959807
94.25603707564463
93.11077711028132
94.5093228970658
94.25739720749677
93.6594384518866
93.61298556598807
94.06447423873082
94.64153398847272
94.82599897462039
94.47808220944451
94.22478782575236
93.95976354847534
93.63659487995663
93.43377585385204
93.87631664862704
93.88258444469432
94.41461642046556
94.31204438821283
94.86988669949662
94.59312740897677
95.89525516519751
95.16374652266875
95.20317339034513
96.28056294821997
96.57733614743694
96.25344190272975
96.6145873204825
97.64494264408228
97.03276075821162
97.29888261100609
96.71444403279926
97.02865818715753
96.8086515176931
97.34000242669744
96.79475111739116
97.17268215632849
97.43024445301631
97.1278131582393
97.31226947830825
97.74723284456611
97.88679455921032
97.86160909641741
98.43920912958879
97.71958330825942
97.8760208649055
97.35309816784638
97.23535392781146
97.72063988802923
96.81111637184308
96.47179352493308
97.43347394002843
97.49124529305467
98.04758376836897
99.17462701232998
99.02706378509986
99.30701014408099
98.10810405545872
98.84670482040475
97.48937544440729
97.28579438211443
97.06452876557077
96.21396023033697
96.20011748218644
95.09655881850658
95.73693312837808
96.5365538570384
97.13029594675753
96.36979977474545
97.01282895975005
96.59536236100652
97.09806090438106
97.78311058655062
97.5289456914194
97.80015737998492
97.93099629604434
98.19529782720991
98.34932176075145
98.56874202825942
99.36864634827995
99.28810166997691
100.51202528169111
101.37756999812494
101.48048911986054
101.85257446865292
102.20872154494101
102.3259069853737
102.33296043331768
102.70899977277881
103.61026690651984
102.9801925134753
103.5126175365969
103.48571975249149
103.73391279062957
104.0251769831285
104.29902715810827
105.46826687880268
105.00223642620143
106.36496464274427
105.43661725194461
104.11972071813378
104.76394683052179
104.24163925542233
102.25189271495971
99.05541300035654
100.7548294147951
98.71007363306653
95.16338960126417
95.74894198311749
97.02097907861288
97.6052327854751
99.65103242835458
101.12236334571801
100.94574555132192
100.76715420515322
100.76806051028457
101.05876504124586
102.72877759334892
103.75089236802434
101.50503045945243
100.11541923189137
99.52590895243422
99.93176249799762
101.0606691225421
101.48629263861014
101.23196017811352
101.42526229056351
103.34865940567455
103.36578540583349
102.56451797594428
102.21144446950208
102.25841265279948
102.51601646767612
101.28228480161285
101.80873575598804
102.16174310587513
99.55392834482984
98.00707859405833
100.41636340072783
98.35568741429336
97.85769928280865
99.18161051788258
96.74031773855393
97.80625812946393
98.95137808159984
99.63178817302092
97.30964143614739
98.08264530246984
100.1153450344476
100.11128838678626
100.65044155513402
100.1025447975634
100.32993700062966
101.5128575094734
102.05726107547245
101.52592070905678
100.57674999988609
100.59492824081684
99.24120152796846
99.27611515933424
100.59787602627621
100.59948209391784
100.39560875758684
100.58989443319886
100.3625754255816
100.47605708712774
102.00500029731263
102.8174535463421
102.94449953297003
103.8906160429511
104.65608742899505
104.64107564155829
104.61004573247101
104.35400923723314
105.15932840184414
105.21918215374414
105.07156111603756
105.79538237044322
105.2492692202107
105.56312535397896
105.35396263149825
104.62928605941052
104.01122291615947
105.38214556783954
104.66870527106481
105.279377373161
105.75534383740704
106.33504217989622
107.02589925536228
107.06679742625663
107.06717514213949
107.35580779262811
107.71628353447379
107.63816970277813
107.82459302232922
106.50942834351737
107.38762840435139
107.02619094633857
107.60631922270802
106.32552590595125
107.25246076968205
105.37213051783216
106.49244148581344
105.95145821150338
106.3852992593782
106.75893767385585
106.38473509342892
106.377130950649
107.47974563528062
108.38789637986861
109.37133159054271
109.4004004226243
107.50673806459805
108.44014979015431
108.60425168981914
107.18348219072648
107.66877774616496
108.01922003217749
108.25778654098174
108.08752062139658
108.34221790449025
108.01925809271987
109.06197603293438
109.5604655127405
107.86614566480914
107.50417295566156
107.72006124457394
107.3361748149698
108.26769147973285
107.90390942127452
108.57001606627216
109.09244627024911
108.25154383246893
108.40024369657418
107.88504689514866
107.51584079882012
108.32206305031815
107.34372133364359
108.07981544353376
108.40962546928084
108.71387077898834
109.24881510339603
109.57751065097285
109.59095370729902
110.27984361076267
110.9372419447671
111.18924404818064
112.06011375560658
111.75337211170661
112.19726886511727
112.07349044993425
111.19952783600768
110.67202435867227
110.57072728529133
110.80874222647995
111.55549104809616
111.65377137832768
111.4180498722043
111.33874287029204
110.97425295715897
111.39523498824845
110.75384350086954
110.79894794279086
110.74616118011491
111.306849766687
111.16282977595003
110.64869776681967
111.14537267477156
111.94148110754654
112.57586544911885
112.62104271741183
112.91911995444427
112.37136369441757
112.22654964508652
112.01931687906527
112.39475835285229
110.46499886234972
109.63279046985113
109.0720021662773
109.76854922631708
109.3077254656654
109.83584958701984
109.44816470414881
109.64117012867135
108.73552988716344
108.5430526513929
109.01344868418786
108.5786901188478
109.10914178944667
108.88158357756151
108.23207732980579
108.14373007423883
106.46147222294029
106.26637820108374
107.94447397372147
107.67389669789608
107.26671007941621
107.74986141618544
109.0910904694315
110.63915191738678
111.48210719198039
115.0257487737973
109.09662617629974
111.73179111512148
113.64236152881232
113.73455190254022
112.30140642527698
112.72120886540155
111.15036439839885
111.24348043331555
112.5610240174374
112.42029373872552
113.00835538020944
111.1249428561362
112.86715516544166
112.55396005523036
114.01247103066243
114.35965423431992
113.74187012899009
111.66308529765914
112.39795170553602
111.7710131896117
110.92215174880215
112.15932567367827
113.02416645593233
114.13542361508989
115.8605661369095
115.69212689649338
111.40545693312755
111.70803491253606
110.58281287592024
107.76879725089869
107.00254875632234
108.41610569550785
106.93457860838781
105.41088300973844
105.26314243890639
104.83786054510296
104.77444300055255
105.8283779771446
108.69287840062744
107.35294935925414
106.86536504257502
106.48644266314103
105.82368070355356
105.28181256598796
104.99621141623163
105.39178382180232
105.54687866183666
104.57032887015393
104.93054910117814
104.28053659847794
103.86226999964111
102.94106613997867
101.83122582600754
101.99844048384948
101.86338415101125
101.57307127072275
101.93917967203541
101.90170980051397
101.55068451163602
100.76949154772886
100.82639255870613
100.76790406511468
101.30396191319501
101.02476778491639
100.32747562194405
100.91686202233103
100.44952832225837
100.51227873719883
99.68191823708382
99.443400462045
98.20074626942038
98.4110477313527
98.6549427698831
98.45690431651848
98.39979456664659
99.18094581758587
99.54753547036707
100.1407579320622
100.48034641200788
99.78454978252843
100.00747443076195
99.88988359007115
99.79252329362357
100.44417542451052
101.0612892787286
99.90961049786311
99.90214535983478
100.61371393233989
100.13528166312541
100.55004773560134
100.99599383025185
101.33576306553806
101.7148186969539
101.90991316549429
101.5965053138512
102.33576585852525
102.04997313281908
101.65193193249328
102.24789807509624
102.31739714724125
102.90469355390144
102.69221444535681
101.47184138290052
100.8989412790132
101.33588471683721
100.993150430608
102.05292332241733
102.41169187868677
101.9828371580214
102.58948389601944
102.15866084427506
102.58520981281548
102.0996697068852
102.16116320928336
103.14213312481021
102.70023767181682
100.77330034738141
100.74558417634162
100.61702537421232
101.14115224057778
99.14125253309186
100.05134238215425
100.77937652445006
101.5199189130226
100.89441942236087
99.63611034538084
100.64360200452428
100.3656203420808
99.48066171527377
99.6121259799634
98.99398984321999
98.10353050193727
98.50674128102841
98.77408675122581
98.84588011298074
99.11627018150398
100.46825117906552
100.94644785658933
101.4905795062169
101.25607013104593
101.22657749787193
101.54346266808065
101.89325768567552
101.95921580757968
102.40318067648614
102.73679059181808
103.26831980848519
103.93094816477038
103.07954374999302
103.07169666612597
102.04404868974613
102.18099454752512
102.67515879434275
103.31214855318918
104.19438972715254
104.39120850876523
105.13028267536296
104.93282257756803
104.28553478617779
104.53396642543552
104.922935747809
105.18647687347953
105.98153648145347
106.01706048160304
105.70900089562853
104.94316960141118
105.33439818376253
104.87727188189838
105.28840933939422
106.03566112707394
106.74272641353255
106.11681946607065
106.77196013431312
106.94185189715229
106.79646639224228
105.49996545386325
105.76943112777113
105.07433766961712
102.84858978787021
104.06932901196436
104.93733876623394
106.56131666821518
105.90866509427066
105.41379385179597
106.34021185165562
104.62903911479843
105.39904018736145
106.32543953043003
106.93895015814459
106.60762148736534
107.22065141888594
107.18194748874203
105.73365981270517
106.66178137785965
106.6836616643172
106.8084588071566
106.5585052058406
106.6031213289764
108.2075854560159
108.99269754754559
106.4178199734839
105.72269952782051
104.86781412389615
104.08942336920506
104.50856405183923
104.34080056647531
102.52783411347737
103.65505966745484
104.21366860626372
103.94670419682896
104.28068195823549
105.26178574956214
106.29309236750251
106.98839925207768
105.12834540490867
105.37921271605792
104.89724237010819
104.45892329938684
104.35387877363912
104.31839726093585
104.95391208674813
105.64558025879452
105.13537303441073
105.1552308999249
105.21754584229275
104.65830311340551
104.32952427595015
104.4988770607866
103.94800134153762
104.0240774091722
104.4837975415242
104.88847227171004
105.1207879072212
105.14500770823138
105.37290385127048
105.62042324493056
105.22982059498327
104.25495807923569
104.4947831742389
105.2911130064463
106.05823723747149
105.97186313861245
105.11714268659388
103.44461762646426
103.81053477855772
102.02249383820566
101.28449571215802
101.21566468317626
101.2124342870215
102.0243606219883
102.64858179185161
102.67989365280584
102.98419070004552
103.30319680480422
103.65068804720286
102.98317355054735
102.79152920983415
102.60167935803057
103.43998739489379
103.21391856011076
103.27240695081636
102.49532951538558
101.94131431284843
102.78062859519407
102.85593363889208
103.93353048848014
103.46142577688002
103.45015443338548
103.6609603368966
104.7119941527879
104.80170528976205
105.57867823734082
105.59085678395046
105.45984983315326
105.704668670037
106.05311092378653
106.16395363572498
106.094835797244
106.41834675831491
106.32962822094484
105.70184961247698
106.01875970413887
106.90692953474365
106.57847805662976
106.74388516836498
106.6595798793501
106.34853327925423
106.81953487115732
106.68499287137585
107.00273560249218
106.91290498112626
106.89792021092003
107.80342240388175
108.13773218086271
107.01640914185121
106.69879090853568
105.98624205687292
104.48459360730101
102.14309748954028
103.237435600817
103.1334660873347
102.7706828705646
100.64176579498425
100.77703749964961
102.56218273824238
103.61652064718007
104.03877230110983
103.20420427318425
104.15742519914775
104.39869541043188
105.10454256383235
105.0374331838059
105.18340399065265
104.97173392464836
105.77748963791014
105.1112400319153
103.83287432669029
100.21851849818675
97.03944852969431
96.761513276629
92.6043124778128
92.24884578061193
96.07637737052404
93.34659616552133
97.26205254193815
94.32590240292569
92.73301179554753
96.88093369451516
93.2299136536892
94.34601602983408
97.44930008443905
92.81335955446606
99.35898002829298
94.75839104034098
94.74310214233981
94.70625020739185
98.30437640462908
101.49303394902202
97.41981693536688
96.33145895526145
94.22336080624595
96.25643272533864
95.02822021350059
94.72718857462556
97.43840273497248
97.2754640780776
98.23145748334713
95.52639943755796
94.97868198858146
93.39256448836669
93.12966525160711
93.64030423256379
93.00338101294258
94.91230645219146
95.25297472637746
93.18374684204484
94.04196625978327
95.20971160511438
94.49868588455047
94.72980847384088
94.44388989781069
92.57877131930405
92.58293538982755
91.09865546084059
91.47791040826752
93.15762461160418
92.83382999469315
92.53666485502913
92.02059897907046
92.4266000523464
90.77545016918498
90.50229436299738
90.97427797249429
91.40285561115682
91.77050146765554
92.04301735425715
90.44269506389207
90.93618291918425
90.80342977087749
90.81784801779014
91.4781196068348
90.41124765104128
90.36695936425258
90.42297237746476
90.50899290531225
89.98928877003108
89.29844477687976
88.0663919063364
88.05161940500419
86.93718780782802
87.09885181627523
87.75266674724344
88.39192715966455
86.72248612474219
86.89651153872296
87.31863420118829
87.58556529847534
87.69979373050982
87.99363232577608
87.97564267344175
88.59794869130491
88.85401984663142
88.21060026532504
88.54929033097716
88.21725049769958
88.70668728314921
89.25270071634219
89.3580733080662
89.64382986778337
90.42833878058372
90.51996803522685
91.02568310097865
91.48786429310286
91.56860388187172
90.94855261312739
91.65656970402185
92.43950013306275
91.04958907183644
91.42826690611686
93.55026307791499
94.55281196468076
96.30227536234099
94.69459890496634
94.17444413423446
96.38294831956162
95.61353801981012
96.64996580551986
95.94555170682253
97.4286683809335
98.58831170431269
100.41833679180203
101.76615685539693
103.7895905252102
102.06762679393393
102.6230835528209
98.9056408170164
100.44242809269817
102.60582839794289
101.56990267365319
103.61289789368459
103.57335251451613
101.88940785888602
102.33381533557642
102.01792810552564
102.32247684911682
102.94302893337968
104.6729600310098
103.67999742922669
104.98382596561648
105.1750287714694
106.16295290830128
105.66580813054968
102.46833216668216
102.38402908905354
100.56163779507604
102.46920503557088
101.2372318655248
101.27972422881739
102.99975962428528
103.71566489085376
103.012865446334
102.43236763250748
101.03523256608942
98.57796706572866
99.40313228662018
95.7075515404212
96.30139626864194
97.3980319061022
99.51921667553161
99.5231597350554
99.33545493311857
100.40417389149907
99.62309503698314
101.63542177865297
99.56788009754163
101.62750480654887
102.27738318647067
104.3600026881653
105.53829871854455
104.40600196218193
104.11889867381021
104.34284889287609
103.7597922037813
102.84914256107406
103.3366732237354
102.97643353006976
103.0467129959144
103.48908066205675
101.61281499487225
101.81500375783351
98.30747205625929
98.93949604329916
97.3235736571238
98.40740278661535
100.27570379936107
102.30994610164858
105.62009122701711
105.77456708836294
104.06689952168995
103.38102165232998
104.70746013292027
104.00038438830474
105.34034100698182
106.86536215686536
106.99937006789109
106.45983012698409
106.95182840362884
107.17263881758953
108.50434488389983
110.02705281752046
109.54631161163132
110.52975820633047
108.79177300589976
109.69512525634453
109.6654569279431
110.71041526502712
112.10361469890424
112.17316333855922
112.30534224553405
111.64949466834227
112.40983660024351
111.82356303851512
111.64427634421853
113.2005701236757
113.15950699939086
114.21265154684188
113.61611140357
113.3065871560589
113.69581182270169
114.78941980036933
115.1438374335771
115.26309388306287
114.32526174665661
115.59572288098487
115.4472536431987
114.72839610105905
116.77861301991499
119.81795299190506
121.93642087907382
123.17653179358118
122.60022026014218
124.1685666195238
123.5732504911353
125.17623363708665
122.99633526977291
124.16020911692993
125.37517814457723
125.40609022388588
125.6518962777582
126.06992715543008
125.17571128162854
122.25815949100725
122.41286835330284
119.84523506073543
123.03379600735478
124.38596560514657
124.82827920015188
126.26936004581735
127.96091381307572
129.76806405720478
130.12036668546537
129.61269764828248
129.80997970854787
130.14456606774345
129.35787089960667
128.65425084432155
126.9941777144162
128.91984116379507
127.38826516558717
127.89725498701975
130.08759459534218
127.24654983305763
124.97541732038667
127.24203370311795
126.58966108103148
126.44213931544421
124.76035216059864
127.81519105363756
127.43165237696134
127.66698132203153
128.73126791297176
131.57794685731992
131.81931930251912
132.20974459974937
130.57676569777487
131.59884166043815
127.34311524742346
128.75873355959516
128.45768108317057
123.92694092350516
123.86364665398456
124.74251498300647
127.75298516520158
125.79013424000047
126.264436111855
126.08168088214275
128.57765013905163
127.52327732344705
127.69184879075942
127.191649792863
127.00081100070656
127.0426540784616
126.96502106611103
126.81660148399591
129.1550294469141
129.1293626855758
129.23506793964847
128.50223171705292
125.70572939636371
127.15688983559058
126.57756572846829
128.51138415729335
129.16500461583817
130.4153659348081
131.8060076299929
132.66366642977067
130.6409019767196
132.7490073354814
133.43141139526307
134.39909749192455
135.4689340245102
137.24774350179285
136.52673338998744
136.06249556625795
134.5901029972309
134.27616974724893
136.51892949541968
138.06142289686161
136.51113438528068
133.4354255655794
132.90831696167612
133.92009806231988
135.25365791867216
133.80196068743544
134.96063968198462
136.89957615271211
136.97202556062857
138.40830089324248
138.2515281324628
137.29405357892324
137.95251602230957
137.8575808834171
138.67837892030389
137.68434435661607
136.80717365252107
137.76671001008094
136.96546034592242
136.32583430596503
135.5641703406856
132.2168591568471
130.25353108783284
132.6707903080424
133.3020199357773
133.92737409560758
134.94065476792684
135.28108744491453
134.07247148110656
134.28209828836617
135.15155849763062
135.73253212066686
135.92916445280142
133.79550258484008
131.5302322583197
132.0488989318949
134.03789493768167
134.60376873005976
133.75334189931962
131.51583045354766
130.35722357785227
129.40536373016735
126.35573476897615
129.08910639273103
131.7615753254262
131.8866621478482
133.04223888184148
134.5197697871146
132.60278666280902
133.67643874605744
135.02617889040084
134.0550054446972
133.30709778792652
134.25727400598458
133.68859235043
135.17421414245035
135.19740360379936
133.76064678094718
134.5882730380083
135.17523630581846
134.22551852822687
133.57005329565956
133.91784130537087
132.5269023362089
131.00620142096528
130.8803842149723
130.53460509652592
132.69811634735098
133.20465188247843
133.876384134036
135.3276296702361
137.84737989039397
137.70062370317186
138.1536140950773
140.47983941200243
140.94986940218436
141.57351388106144
140.12017481016053
142.21910306634348
141.29133944899885
139.72637801133192
141.2410796341551
141.6242848352594
143.1797111498975
142.35510090242713
139.83349860010605
137.7882413604745
137.23672782459496
138.0381033008592
140.13774999662843
140.30954235129875
142.2826228031656
139.96797390326213
138.45541267896894
139.04064075290552
139.70803869202214
141.71145158638922
145.12733555810743
141.32996415580124
142.92977035195204
143.0798789865162
141.7821685108828
141.9617415583363
143.0754067403013
144.83703035564582
144.61151746557422
142.69150805108563
144.26471766467859
145.71930571522242
144.99520373430383
146.2930249785955
149.84901900737816
149.7405226423247
148.28090162487172
147.749595175902
146.34780535506803
145.40697971172546
146.8345932821987
147.17956772601042
146.07837239345756
146.99731765838675
146.9078060939138
144.9807498656333
142.18285164691505
143.76956925026929
142.09416180206867
143.58824593723898
144.59137330046576
141.29326152794889
141.26315549553252
139.3204007633685
138.50645302191595
141.7622454242492
142.11429277816822
136.9252365538817
135.29198578774728
130.5899752701156
126.52361338031474
128.36035301998325
127.1515816858201
128.20663499676775
130.5781220940103
130.8921175204607
129.65811738722263
130.66847179026854
128.9802487158679
127.99161299928414
129.50546921908833
127.66819356631285
126.98502448799108
125.96324026022647
128.13808104350687
129.1828005669425
129.73806154895072
131.44948533470938
131.16658853829185
131.27548469006885
130.35313361279532
130.19567190009323
131.85937245620605
132.12095641400393
130.3980249480609
130.66481383626953
130.7065618201213
129.8454513681467
131.10745742026407
131.49948514381438
131.07406947921046
131.11594043514194
129.86823541394668
128.90553997138326
127.29597676675917
125.8965450542601
126.20702846534073
126.4004403468137
125.06459862469782
124.60662440903154
126.57896630677602
127.809360336017
128.9781686616404
130.04695447679376
128.72401945183205
127.88185313774187
128.17613097304667
127.32199235298233
127.54647090912069
127.18659456694226
128.1733090928467
127.48864083816248
126.25396029454501
126.25084751420934
126.53146508006252
126.90225886510561
126.66086158590703
127.13361732809307
125.47311061612861
126.96989747023923
127.1403248979474
127.44322625933054
129.02396055015814
129.78813147421636
132.12806825888043
132.11936695364167
131.81997560152757
128.70018090621784
130.64697790313167
132.24345490793897
130.14803358188996
127.29225386643786
125.73704578092668
129.4567414514632
128.9391668906329
132.0154044656829
131.88248502733748
133.51306356826194
134.37643570225623
136.08767681177648
132.61579465901644
132.06381357166651
134.28680686882856
134.26437010692607
134.69481747524767
135.26520431874542
135.89662277688768
136.24673182240375
138.56100557219602
139.47757809946162
139.40740858527343
141.25791883299436
143.90869917236557
145.2087111011729
147.3999127419606
143.18065323871468
142.73204162734402
141.79042432858154
137.68400001556012
137.42789317988812
137.1746639062
138.7113717753806
138.82731284200858
138.20575185370964
139.22667793993847
140.70265135077847
146.11922024682045
146.32306023821317
145.44155936941914
136.6547588092459
136.1604237242305
139.74825961043047
140.07427472744294
139.62490164419364
142.14320212287691
141.29504318294588
141.60953146810837
140.8692133041038
141.03317588518206
143.72128629483655
144.9530424701317
145.47142635335837
144.68282598879387
144.1544842069179
141.98442946969675
144.8496568251105
143.1415069227264
145.05521017125605
147.20721286990036
148.0950617519084
146.82998347034302
148.15718392214615
147.75736820555292
148.20798748384718
142.46344735311567
141.18656811287048
141.99113246076197
136.60677086312535
136.4541082861392
134.25980889713392
129.40485306962972
